Running php-build composer
WARNING! Your password will be stored unencrypted in /home/runner/.docker/config.json.
Configure a credential helper to remove this warning. See
https://docs.docker.com/engine/reference/commandline/login/#credentials-store

Login Succeeded
Pulling docker.pkg.github.com/pie/presstest-client-plugin/php-actions_composer_presstest-client-plugin:php-latest-build2.1.0
php-latest-build2.1.0: Pulling from pie/presstest-client-plugin/php-actions_composer_presstest-client-plugin
7264a8db6415: Already exists
404102781aa3: Pulling fs layer
7410f32c8672: Pulling fs layer
956dc56ebfa1: Pulling fs layer
3f95106f3bdd: Pulling fs layer
9098802ffa48: Pulling fs layer
3f95106f3bdd: Waiting
2ff4f61a9647: Pulling fs layer
a09abfb1ef47: Pulling fs layer
6a99ce28aeda: Pulling fs layer
9098802ffa48: Waiting
2ff4f61a9647: Waiting
a09abfb1ef47: Waiting
6a99ce28aeda: Waiting
6a1bf792677c: Pulling fs layer
6a1bf792677c: Waiting
7410f32c8672: Download complete
956dc56ebfa1: Verifying Checksum
956dc56ebfa1: Download complete
404102781aa3: Download complete
404102781aa3: Pull complete
7410f32c8672: Pull complete
956dc56ebfa1: Pull complete
9098802ffa48: Verifying Checksum
9098802ffa48: Download complete
3f95106f3bdd: Verifying Checksum
3f95106f3bdd: Download complete
3f95106f3bdd: Pull complete
9098802ffa48: Pull complete
6a99ce28aeda: Verifying Checksum
6a99ce28aeda: Download complete
a09abfb1ef47: Download complete
2ff4f61a9647: Verifying Checksum
2ff4f61a9647: Download complete
6a1bf792677c: Verifying Checksum
6a1bf792677c: Download complete
2ff4f61a9647: Pull complete
a09abfb1ef47: Pull complete
6a99ce28aeda: Pull complete
6a1bf792677c: Pull complete
Digest: sha256:fe8421f1affccea047e273a3c3ef19c1997862f51832e6ac37f484f167da5c8f
Status: Downloaded newer image for docker.pkg.github.com/pie/presstest-client-plugin/php-actions_composer_presstest-client-plugin:php-latest-build2.1.0
docker.pkg.github.com/pie/presstest-client-plugin/php-actions_composer_presstest-client-plugin:php-latest-build2.1.0
Docker tag: docker.pkg.github.com/pie/presstest-client-plugin/php-actions_composer_presstest-client-plugin:php-latest-build2.1.0
No private keys supplied
Command: composer install --no-dev --no-progress --no-interaction
Skipping env variable PWD
Skipping env variable HOME
Skipping env variable SHLVL
Skipping env variable PATH
Running php-build composer
WARNING! Your password will be stored unencrypted in /home/runner/.docker/config.json.
Configure a credential helper to remove this warning. See
https://docs.docker.com/engine/reference/commandline/login/#credentials-store

Login Succeeded
Pulling docker.pkg.github.com/pie/presstest-client-plugin/php-actions_composer_presstest-client-plugin:php-latest-build2.1.0
php-latest-build2.1.0: Pulling from pie/presstest-client-plugin/php-actions_composer_presstest-client-plugin
7264a8db6415: Already exists
404102781aa3: Pulling fs layer
7410f32c8672: Pulling fs layer
956dc56ebfa1: Pulling fs layer
3f95106f3bdd: Pulling fs layer
9098802ffa48: Pulling fs layer
2ff4f61a9647: Pulling fs layer
a09abfb1ef47: Pulling fs layer
6a99ce28aeda: Pulling fs layer
3f95106f3bdd: Waiting
6a1bf792677c: Pulling fs layer
9098802ffa48: Waiting
2ff4f61a9647: Waiting
a09abfb1ef47: Waiting
6a99ce28aeda: Waiting
6a1bf792677c: Waiting
956dc56ebfa1: Verifying Checksum
956dc56ebfa1: Download complete
7410f32c8672: Verifying Checksum
7410f32c8672: Download complete
404102781aa3: Verifying Checksum
404102781aa3: Download complete
404102781aa3: Pull complete
9098802ffa48: Verifying Checksum
9098802ffa48: Download complete
7410f32c8672: Pull complete
956dc56ebfa1: Pull complete
3f95106f3bdd: Verifying Checksum
3f95106f3bdd: Download complete
2ff4f61a9647: Verifying Checksum
2ff4f61a9647: Download complete
a09abfb1ef47: Verifying Checksum
a09abfb1ef47: Download complete
3f95106f3bdd: Pull complete
9098802ffa48: Pull complete
6a99ce28aeda: Verifying Checksum
6a99ce28aeda: Download complete
6a1bf792677c: Verifying Checksum
6a1bf792677c: Download complete
2ff4f61a9647: Pull complete
a09abfb1ef47: Pull complete
6a99ce28aeda: Pull complete
6a1bf792677c: Pull complete
Digest: sha256:fe8421f1affccea047e273a3c3ef19c1997862f51832e6ac37f484f167da5c8f
Status: Downloaded newer image for docker.pkg.github.com/pie/presstest-client-plugin/php-actions_composer_presstest-client-plugin:php-latest-build2.1.0
docker.pkg.github.com/pie/presstest-client-plugin/php-actions_composer_presstest-client-plugin:php-latest-build2.1.0
Docker tag: docker.pkg.github.com/pie/presstest-client-plugin/php-actions_composer_presstest-client-plugin:php-latest-build2.1.0
No private keys supplied
Command: composer install --no-dev --no-progress --no-interaction
Skipping env variable PWD
Skipping env variable HOME
Skipping env variable SHLVL
Skipping env variable PATH
Running php-build composer
WARNING! Your password will be stored unencrypted in /home/runner/.docker/config.json.
Configure a credential helper to remove this warning. See
https://docs.docker.com/engine/reference/commandline/login/#credentials-store

Login Succeeded
Pulling docker.pkg.github.com/pie/presstest-client-plugin/php-actions_composer_presstest-client-plugin:php-latest-build2.1.0
php-latest-build2.1.0: Pulling from pie/presstest-client-plugin/php-actions_composer_presstest-client-plugin
7264a8db6415: Already exists
404102781aa3: Pulling fs layer
7410f32c8672: Pulling fs layer
956dc56ebfa1: Pulling fs layer
3f95106f3bdd: Pulling fs layer
9098802ffa48: Pulling fs layer
2ff4f61a9647: Pulling fs layer
a09abfb1ef47: Pulling fs layer
6a99ce28aeda: Pulling fs layer
6a1bf792677c: Pulling fs layer
9098802ffa48: Waiting
2ff4f61a9647: Waiting
a09abfb1ef47: Waiting
3f95106f3bdd: Waiting
6a99ce28aeda: Waiting
6a1bf792677c: Waiting
7410f32c8672: Verifying Checksum
7410f32c8672: Download complete
404102781aa3: Verifying Checksum
404102781aa3: Download complete
956dc56ebfa1: Verifying Checksum
956dc56ebfa1: Download complete
9098802ffa48: Verifying Checksum
9098802ffa48: Download complete
3f95106f3bdd: Verifying Checksum
3f95106f3bdd: Download complete
2ff4f61a9647: Verifying Checksum
2ff4f61a9647: Download complete
a09abfb1ef47: Verifying Checksum
a09abfb1ef47: Download complete
6a99ce28aeda: Verifying Checksum
6a99ce28aeda: Download complete
404102781aa3: Pull complete
7410f32c8672: Pull complete
956dc56ebfa1: Pull complete
6a1bf792677c: Verifying Checksum
6a1bf792677c: Download complete
3f95106f3bdd: Pull complete
9098802ffa48: Pull complete
2ff4f61a9647: Pull complete
a09abfb1ef47: Pull complete
6a99ce28aeda: Pull complete
6a1bf792677c: Pull complete
Digest: sha256:fe8421f1affccea047e273a3c3ef19c1997862f51832e6ac37f484f167da5c8f
Status: Downloaded newer image for docker.pkg.github.com/pie/presstest-client-plugin/php-actions_composer_presstest-client-plugin:php-latest-build2.1.0
docker.pkg.github.com/pie/presstest-client-plugin/php-actions_composer_presstest-client-plugin:php-latest-build2.1.0
Docker tag: docker.pkg.github.com/pie/presstest-client-plugin/php-actions_composer_presstest-client-plugin:php-latest-build2.1.0
No private keys supplied
Command: composer install --no-dev --no-progress --no-interaction
Skipping env variable PWD
Skipping env variable HOME
Skipping env variable SHLVL
Skipping env variable PATH
Running php-build composer
WARNING! Your password will be stored unencrypted in /home/runner/.docker/config.json.
Configure a credential helper to remove this warning. See
https://docs.docker.com/engine/reference/commandline/login/#credentials-store

Login Succeeded
Pulling docker.pkg.github.com/pie/presstest-client-plugin/php-actions_composer_presstest-client-plugin:php-latest-build2.1.0
php-latest-build2.1.0: Pulling from pie/presstest-client-plugin/php-actions_composer_presstest-client-plugin
7264a8db6415: Already exists
404102781aa3: Pulling fs layer
7410f32c8672: Pulling fs layer
956dc56ebfa1: Pulling fs layer
3f95106f3bdd: Pulling fs layer
9098802ffa48: Pulling fs layer
2ff4f61a9647: Pulling fs layer
a09abfb1ef47: Pulling fs layer
6a99ce28aeda: Pulling fs layer
6a1bf792677c: Pulling fs layer
9098802ffa48: Waiting
2ff4f61a9647: Waiting
a09abfb1ef47: Waiting
6a99ce28aeda: Waiting
6a1bf792677c: Waiting
3f95106f3bdd: Waiting
956dc56ebfa1: Verifying Checksum
956dc56ebfa1: Download complete
404102781aa3: Download complete
7410f32c8672: Verifying Checksum
7410f32c8672: Download complete
404102781aa3: Pull complete
7410f32c8672: Pull complete
956dc56ebfa1: Pull complete
3f95106f3bdd: Verifying Checksum
3f95106f3bdd: Download complete
9098802ffa48: Verifying Checksum
9098802ffa48: Download complete
2ff4f61a9647: Verifying Checksum
2ff4f61a9647: Download complete
3f95106f3bdd: Pull complete
9098802ffa48: Pull complete
a09abfb1ef47: Verifying Checksum
a09abfb1ef47: Download complete
6a99ce28aeda: Verifying Checksum
6a99ce28aeda: Download complete
6a1bf792677c: Verifying Checksum
6a1bf792677c: Download complete
2ff4f61a9647: Pull complete
a09abfb1ef47: Pull complete
6a99ce28aeda: Pull complete
6a1bf792677c: Pull complete
Digest: sha256:fe8421f1affccea047e273a3c3ef19c1997862f51832e6ac37f484f167da5c8f
Status: Downloaded newer image for docker.pkg.github.com/pie/presstest-client-plugin/php-actions_composer_presstest-client-plugin:php-latest-build2.1.0
docker.pkg.github.com/pie/presstest-client-plugin/php-actions_composer_presstest-client-plugin:php-latest-build2.1.0
Docker tag: docker.pkg.github.com/pie/presstest-client-plugin/php-actions_composer_presstest-client-plugin:php-latest-build2.1.0
No private keys supplied
Command: composer install --no-dev --no-progress --no-interaction
Skipping env variable PWD
Skipping env variable HOME
Skipping env variable SHLVL
Skipping env variable PATH
Running php-build composer
WARNING! Your password will be stored unencrypted in /home/runner/.docker/config.json.
Configure a credential helper to remove this warning. See
https://docs.docker.com/engine/reference/commandline/login/#credentials-store

Login Succeeded
Pulling docker.pkg.github.com/pie/presstest-client-plugin/php-actions_composer_presstest-client-plugin:php-latest-build2.1.0
php-latest-build2.1.0: Pulling from pie/presstest-client-plugin/php-actions_composer_presstest-client-plugin
7264a8db6415: Already exists
404102781aa3: Pulling fs layer
7410f32c8672: Pulling fs layer
956dc56ebfa1: Pulling fs layer
3f95106f3bdd: Pulling fs layer
9098802ffa48: Pulling fs layer
2ff4f61a9647: Pulling fs layer
3f95106f3bdd: Waiting
9098802ffa48: Waiting
a09abfb1ef47: Pulling fs layer
6a99ce28aeda: Pulling fs layer
6a1bf792677c: Pulling fs layer
a09abfb1ef47: Waiting
6a99ce28aeda: Waiting
6a1bf792677c: Waiting
2ff4f61a9647: Waiting
7410f32c8672: Verifying Checksum
7410f32c8672: Download complete
404102781aa3: Verifying Checksum
404102781aa3: Download complete
956dc56ebfa1: Verifying Checksum
956dc56ebfa1: Download complete
404102781aa3: Pull complete
3f95106f3bdd: Verifying Checksum
3f95106f3bdd: Download complete
7410f32c8672: Pull complete
9098802ffa48: Verifying Checksum
9098802ffa48: Download complete
956dc56ebfa1: Pull complete
3f95106f3bdd: Pull complete
9098802ffa48: Pull complete
2ff4f61a9647: Verifying Checksum
2ff4f61a9647: Download complete
6a99ce28aeda: Verifying Checksum
6a99ce28aeda: Download complete
a09abfb1ef47: Verifying Checksum
a09abfb1ef47: Download complete
6a1bf792677c: Verifying Checksum
6a1bf792677c: Download complete
2ff4f61a9647: Pull complete
a09abfb1ef47: Pull complete
6a99ce28aeda: Pull complete
6a1bf792677c: Pull complete
Digest: sha256:fe8421f1affccea047e273a3c3ef19c1997862f51832e6ac37f484f167da5c8f
Status: Downloaded newer image for docker.pkg.github.com/pie/presstest-client-plugin/php-actions_composer_presstest-client-plugin:php-latest-build2.1.0
docker.pkg.github.com/pie/presstest-client-plugin/php-actions_composer_presstest-client-plugin:php-latest-build2.1.0
Docker tag: docker.pkg.github.com/pie/presstest-client-plugin/php-actions_composer_presstest-client-plugin:php-latest-build2.1.0
No private keys supplied
Command: composer install --no-dev --no-progress --no-interaction
Skipping env variable PWD
Skipping env variable HOME
Skipping env variable SHLVL
Skipping env variable PATH
Running php-build composer
WARNING! Your password will be stored unencrypted in /home/runner/.docker/config.json.
Configure a credential helper to remove this warning. See
https://docs.docker.com/engine/reference/commandline/login/#credentials-store

Login Succeeded
Pulling docker.pkg.github.com/pie/presstest-client-plugin/php-actions_composer_presstest-client-plugin:php-latest-build2.1.0
php-latest-build2.1.0: Pulling from pie/presstest-client-plugin/php-actions_composer_presstest-client-plugin
7264a8db6415: Already exists
404102781aa3: Pulling fs layer
7410f32c8672: Pulling fs layer
956dc56ebfa1: Pulling fs layer
3f95106f3bdd: Pulling fs layer
9098802ffa48: Pulling fs layer
2ff4f61a9647: Pulling fs layer
a09abfb1ef47: Pulling fs layer
6a99ce28aeda: Pulling fs layer
6a1bf792677c: Pulling fs layer
3f95106f3bdd: Waiting
9098802ffa48: Waiting
2ff4f61a9647: Waiting
a09abfb1ef47: Waiting
6a99ce28aeda: Waiting
6a1bf792677c: Waiting
956dc56ebfa1: Verifying Checksum
956dc56ebfa1: Download complete
404102781aa3: Verifying Checksum
404102781aa3: Download complete
7410f32c8672: Verifying Checksum
7410f32c8672: Download complete
404102781aa3: Pull complete
7410f32c8672: Pull complete
956dc56ebfa1: Pull complete
3f95106f3bdd: Verifying Checksum
3f95106f3bdd: Download complete
2ff4f61a9647: Verifying Checksum
2ff4f61a9647: Download complete
9098802ffa48: Verifying Checksum
9098802ffa48: Download complete
3f95106f3bdd: Pull complete
9098802ffa48: Pull complete
a09abfb1ef47: Verifying Checksum
a09abfb1ef47: Download complete
6a99ce28aeda: Download complete
6a1bf792677c: Verifying Checksum
6a1bf792677c: Download complete
2ff4f61a9647: Pull complete
a09abfb1ef47: Pull complete
6a99ce28aeda: Pull complete
6a1bf792677c: Pull complete
Digest: sha256:fe8421f1affccea047e273a3c3ef19c1997862f51832e6ac37f484f167da5c8f
Status: Downloaded newer image for docker.pkg.github.com/pie/presstest-client-plugin/php-actions_composer_presstest-client-plugin:php-latest-build2.1.0
docker.pkg.github.com/pie/presstest-client-plugin/php-actions_composer_presstest-client-plugin:php-latest-build2.1.0
Docker tag: docker.pkg.github.com/pie/presstest-client-plugin/php-actions_composer_presstest-client-plugin:php-latest-build2.1.0
No private keys supplied
Command: composer install --no-dev --no-progress --no-interaction
Skipping env variable PWD
Skipping env variable HOME
Skipping env variable SHLVL
Skipping env variable PATH
